<?xml version="1.0" encoding="UTF-8" ?>
<testsuite tests="21" failures="0" name="com.currencydescription.tests.TestUSIntegerCurrencyDescription" time="0.285" errors="0" skipped="0">
  <properties>
    <property name="java.runtime.name" value="Java(TM) SE Runtime Environment"/>
    <property name="sun.boot.library.path" value="C:\Program Files\Java\jdk1.8.0_151\jre\bin"/>
    <property name="java.vm.version" value="25.151-b12"/>
    <property name="java.vm.vendor" value="Oracle Corporation"/>
    <property name="maven.multiModuleProjectDirectory" value="D:\Practice\Eclipse\phanisekharv\currency-description"/>
    <property name="java.vendor.url" value="http://java.oracle.com/"/>
    <property name="path.separator" value=";"/>
    <property name="guice.disable.misplaced.annotation.check" value="true"/>
    <property name="java.vm.name" value="Java HotSpot(TM) 64-Bit Server VM"/>
    <property name="file.encoding.pkg" value="sun.io"/>
    <property name="user.script" value=""/>
    <property name="user.country" value="US"/>
    <property name="sun.java.launcher" value="SUN_STANDARD"/>
    <property name="sun.os.patch.level" value=""/>
    <property name="java.vm.specification.name" value="Java Virtual Machine Specification"/>
    <property name="user.dir" value="D:\Practice\Eclipse\phanisekharv\currency-description"/>
    <property name="java.runtime.version" value="1.8.0_151-b12"/>
    <property name="java.awt.graphicsenv" value="sun.awt.Win32GraphicsEnvironment"/>
    <property name="java.endorsed.dirs" value="C:\Program Files\Java\jdk1.8.0_151\jre\lib\endorsed"/>
    <property name="os.arch" value="amd64"/>
    <property name="java.io.tmpdir" value="C:\Users\PHANIS~1\AppData\Local\Temp\"/>
    <property name="line.separator" value="
"/>
    <property name="java.vm.specification.vendor" value="Oracle Corporation"/>
    <property name="user.variant" value=""/>
    <property name="os.name" value="Windows 10"/>
    <property name="classworlds.conf" value="D:\Practice\Eclipse\phanisekharv\.metadata\.plugins\org.eclipse.m2e.launching\launches\m2conf4777495702183784742.tmp"/>
    <property name="sun.jnu.encoding" value="Cp1252"/>
    <property name="java.library.path" value="C:\Program Files\Java\jdk1.8.0_151\bin;C:\WINDOWS\Sun\Java\bin;C:\WINDOWS\system32;C:\WINDOWS;C:/Program Files/Java/jre1.8.0_151/bin/server;C:/Program Files/Java/jre1.8.0_151/bin;C:/Program Files/Java/jre1.8.0_151/lib/amd64;D:\app\phanisekhar\product\12.1.0\dbhome_1\bin;C:\ProgramData\Oracle\Java\javapath;C:\WINDOWS\system32;C:\WINDOWS;C:\WINDOWS\System32\Wbem;C:\WINDOWS\System32\WindowsPowerShell\v1.0\;C:\WINDOWS\System32\OpenSSH\;C:\Users\phanisekhar\AppData\Local\Microsoft\WindowsApps;C:\Program Files\Java\jdk1.8.0_151\bin;;C:\Users\phanisekhar\Desktop;;."/>
    <property name="java.specification.name" value="Java Platform API Specification"/>
    <property name="java.class.version" value="52.0"/>
    <property name="sun.management.compiler" value="HotSpot 64-Bit Tiered Compilers"/>
    <property name="os.version" value="10.0"/>
    <property name="user.home" value="C:\Users\phanisekhar"/>
    <property name="user.timezone" value="Asia/Calcutta"/>
    <property name="java.awt.printerjob" value="sun.awt.windows.WPrinterJob"/>
    <property name="java.specification.version" value="1.8"/>
    <property name="file.encoding" value="Cp1252"/>
    <property name="user.name" value="phanisekhar"/>
    <property name="java.class.path" value="C:\Users\phanisekhar\.p2\pool\plugins\org.eclipse.m2e.maven.runtime_1.8.3.20180227-2135\jars\plexus-classworlds-2.5.2.jar"/>
    <property name="java.vm.specification.version" value="1.8"/>
    <property name="sun.arch.data.model" value="64"/>
    <property name="java.home" value="C:\Program Files\Java\jdk1.8.0_151\jre"/>
    <property name="sun.java.command" value="org.codehaus.plexus.classworlds.launcher.Launcher -B test"/>
    <property name="java.specification.vendor" value="Oracle Corporation"/>
    <property name="user.language" value="en"/>
    <property name="awt.toolkit" value="sun.awt.windows.WToolkit"/>
    <property name="java.vm.info" value="mixed mode"/>
    <property name="java.version" value="1.8.0_151"/>
    <property name="java.ext.dirs" value="C:\Program Files\Java\jdk1.8.0_151\jre\lib\ext;C:\WINDOWS\Sun\Java\lib\ext"/>
    <property name="sun.boot.class.path" value="C:\Program Files\Java\jdk1.8.0_151\jre\lib\resources.jar;C:\Program Files\Java\jdk1.8.0_151\jre\lib\rt.jar;C:\Program Files\Java\jdk1.8.0_151\jre\lib\sunrsasign.jar;C:\Program Files\Java\jdk1.8.0_151\jre\lib\jsse.jar;C:\Program Files\Java\jdk1.8.0_151\jre\lib\jce.jar;C:\Program Files\Java\jdk1.8.0_151\jre\lib\charsets.jar;C:\Program Files\Java\jdk1.8.0_151\jre\lib\jfr.jar;C:\Program Files\Java\jdk1.8.0_151\jre\classes"/>
    <property name="java.vendor" value="Oracle Corporation"/>
    <property name="maven.home" value="D:\Practice\Eclipse\phanisekharv\currency-description\EMBEDDED"/>
    <property name="file.separator" value="\"/>
    <property name="java.vendor.url.bug" value="http://bugreport.sun.com/bugreport/"/>
    <property name="sun.cpu.endian" value="little"/>
    <property name="sun.io.unicode.encoding" value="UnicodeLittle"/>
    <property name="sun.desktop" value="windows"/>
    <property name="sun.cpu.isalist" value="amd64"/>
  </properties>
  <testcase classname="com.currencydescription.tests.TestUSIntegerCurrencyDescription" name="SampleTest1" time="0.258"/>
  <testcase classname="com.currencydescription.tests.TestUSIntegerCurrencyDescription" name="SampleTest2" time="0"/>
  <testcase classname="com.currencydescription.tests.TestUSIntegerCurrencyDescription" name="SampleTest5" time="0.015"/>
  <testcase classname="com.currencydescription.tests.TestUSIntegerCurrencyDescription" name="SampleTest11" time="0"/>
  <testcase classname="com.currencydescription.tests.TestUSIntegerCurrencyDescription" name="SampleTest13" time="0"/>
  <testcase classname="com.currencydescription.tests.TestUSIntegerCurrencyDescription" name="SampleTest15" time="0.002"/>
  <testcase classname="com.currencydescription.tests.TestUSIntegerCurrencyDescription" name="SampleTest16" time="0"/>
  <testcase classname="com.currencydescription.tests.TestUSIntegerCurrencyDescription" name="SampleTest17" time="0.002"/>
  <testcase classname="com.currencydescription.tests.TestUSIntegerCurrencyDescription" name="SampleTest18" time="0"/>
  <testcase classname="com.currencydescription.tests.TestUSIntegerCurrencyDescription" name="SampleTest19" time="0.002"/>
  <testcase classname="com.currencydescription.tests.TestUSIntegerCurrencyDescription" name="SampleTest20" time="0.001"/>
  <testcase classname="com.currencydescription.tests.TestUSIntegerCurrencyDescription" name="SampleTest9" time="0"/>
  <testcase classname="com.currencydescription.tests.TestUSIntegerCurrencyDescription" name="SampleTest12" time="0"/>
  <testcase classname="com.currencydescription.tests.TestUSIntegerCurrencyDescription" name="SampleTest14" time="0.001"/>
  <testcase classname="com.currencydescription.tests.TestUSIntegerCurrencyDescription" name="SampleTest8" time="0.001"/>
  <testcase classname="com.currencydescription.tests.TestUSIntegerCurrencyDescription" name="SampleTest10" time="0.002"/>
  <testcase classname="com.currencydescription.tests.TestUSIntegerCurrencyDescription" name="SampleTest4" time="0.001"/>
  <testcase classname="com.currencydescription.tests.TestUSIntegerCurrencyDescription" name="SampleTest6" time="0"/>
  <testcase classname="com.currencydescription.tests.TestUSIntegerCurrencyDescription" name="SampleTest3" time="0"/>
  <testcase classname="com.currencydescription.tests.TestUSIntegerCurrencyDescription" name="SampleTest7" time="0"/>
  <testcase classname="com.currencydescription.tests.TestUSIntegerCurrencyDescription" name="SampleTest0" time="0"/>
</testsuite>